This is LuaHBTeX, Version 1.15.0 (TeX Live 2022)  (format=lualatex 2022.4.16)  18 NOV 2022 00:22
 restricted system commands enabled.
 file:line:error style messages enabled.
**/Users/tmsincomb/G001/data/tables/input/SupplementalTablesStagingPaper
(/Users/tmsincomb/G001/data/tables/input/SupplementalTablesStagingPaper.tex
LaTeX2e <2021-11-15> patch level 1
Lua module: luaotfload 2022-03-18 3.21 Lua based OpenType font support
Lua module: lualibs 2021-05-20 2.74 ConTeXt Lua standard libraries.
Lua module: lualibs-extended 2021-05-20 2.74 ConTeXt Lua libraries -- extended collection.
luaotfload | conf : Root cache directory is "/Users/tmsincomb/Library/texlive/2022/texmf-var/luatex-cache/generic/names".
luaotfload | init : Loading fontloader "fontloader-2022-02-24.lua" from kpse-resolved path "/usr/local/texlive/2022/texmf-dist/tex/luatex/luaotfload/fontloader-2022-02-24.lua".
Lua-only attribute luaotfload@noligature = 1
luaotfload | init : Context OpenType loader version 3.119
Inserting `luaotfload.node_processor' at position 1 in `pre_linebreak_filter'.
Inserting `luaotfload.node_processor' at position 1 in `hpack_filter'.
Inserting `luaotfload.glyph_stream' at position 1 in `glyph_stream_provider'.
Inserting `luaotfload.define_font' at position 1 in `define_font'.
Lua-only attribute luaotfload_color_attribute = 2
luaotfload | conf : Root cache directory is "/Users/tmsincomb/Library/texlive/2022/texmf-var/luatex-cache/generic/names".
Inserting `luaotfload.harf.strip_prefix' at position 1 in `find_opentype_file'.
Inserting `luaotfload.harf.strip_prefix' at position 1 in `find_truetype_file'.
Removing  `luaotfload.glyph_stream' from `glyph_stream_provider'.
Inserting `luaotfload.harf.glyphstream' at position 1 in `glyph_stream_provider'.
Inserting `luaotfload.harf.finalize_vlist' at position 1 in `post_linebreak_filter'.
Inserting `luaotfload.harf.finalize_hlist' at position 2 in `hpack_filter'.
Inserting `luaotfload.cleanup_files' at position 1 in `wrapup_run'.
Inserting `luaotfload.harf.finalize_unicode' at position 1 in `finish_pdffile'.
Inserting `luaotfload.glyphinfo' at position 1 in `glyph_info'.
Lua-only attribute luaotfload.letterspace_done = 3
Inserting `luaotfload.aux.set_sscale_dimens' at position 1 in `luaotfload.patch_font'.
Inserting `luaotfload.aux.set_font_index' at position 2 in `luaotfload.patch_font'.
Inserting `luaotfload.aux.patch_cambria_domh' at position 3 in `luaotfload.patch_font'.
Inserting `luaotfload.aux.fixup_fontdata' at position 1 in `luaotfload.patch_font_unsafe'.
Inserting `luaotfload.aux.set_capheight' at position 4 in `luaotfload.patch_font'.
Inserting `luaotfload.aux.set_xheight' at position 5 in `luaotfload.patch_font'.
Inserting `luaotfload.rewrite_fontname' at position 6 in `luaotfload.patch_font'. L3 programming layer <2022-02-24>
Inserting `tracingstacklevels' at position 1 in `input_level_string'. (/usr/local/texlive/2022/texmf-dist/tex/latex/base/article.cls
Document Class: article 2021/10/04 v1.4n Standard LaTeX document class
(/usr/local/texlive/2022/texmf-dist/tex/latex/base/size10.clo
File: size10.clo 2021/10/04 v1.4n Standard LaTeX file (size option)
luaotfload | db : Font names database not found, generating new one.
luaotfload | db : This can take several minutes; please be patient.)
\c@part=\count183
\c@section=\count184
\c@subsection=\count185
\c@subsubsection=\count186
\c@paragraph=\count187
\c@subparagraph=\count188
\c@figure=\count189
\c@table=\count190
\abovecaptionskip=\skip47
\belowcaptionskip=\skip48
\bibindent=\dimen137
) (/usr/local/texlive/2022/texmf-dist/tex/latex/geometry/geometry.sty
Package: geometry 2020/01/02 v5.9 Page Geometry
 (/usr/local/texlive/2022/texmf-dist/tex/latex/graphics/keyval.sty
Package: keyval 2014/10/28 v1.15 key=value parser (DPC)
\KV@toks@=\toks16
) (/usr/local/texlive/2022/texmf-dist/tex/generic/iftex/ifvtex.sty
Package: ifvtex 2019/10/25 v1.7 ifvtex legacy package. Use iftex instead.
 (/usr/local/texlive/2022/texmf-dist/tex/generic/iftex/iftex.sty
Package: iftex 2022/02/03 v1.0f TeX engine tests
))
\Gm@cnth=\count191
\Gm@cntv=\count192
\c@Gm@tempcnt=\count193
\Gm@bindingoffset=\dimen138
\Gm@wd@mp=\dimen139
\Gm@odd@mp=\dimen140
\Gm@even@mp=\dimen141
\Gm@layoutwidth=\dimen142
\Gm@layoutheight=\dimen143
\Gm@layouthoffset=\dimen144
\Gm@layoutvoffset=\dimen145
\Gm@dimlist=\toks17
) (/usr/local/texlive/2022/texmf-dist/tex/latex/pdfpages/pdfpages.sty
Package: pdfpages 2022/01/29 v0.5u Insert pages of external PDF documents (AM)
 (/usr/local/texlive/2022/texmf-dist/tex/latex/base/ifthen.sty
Package: ifthen 2020/11/24 v1.1c Standard LaTeX ifthen package (DPC)
) (/usr/local/texlive/2022/texmf-dist/tex/latex/tools/calc.sty
Package: calc 2017/05/25 v4.3 Infix arithmetic (KKT,FJ)
\calc@Acount=\count194
\calc@Bcount=\count195
\calc@Adimen=\dimen146
\calc@Bdimen=\dimen147
\calc@Askip=\skip49
\calc@Bskip=\skip50
LaTeX Info: Redefining \setlength on input line 80.
LaTeX Info: Redefining \addtolength on input line 81.
\calc@Ccount=\count196
\calc@Cskip=\skip51
) (/usr/local/texlive/2022/texmf-dist/tex/latex/eso-pic/eso-pic.sty
Package: eso-pic 2020/10/14 v3.0a eso-pic (RN)
\ESO@tempdima=\dimen148
\ESO@tempdimb=\dimen149
 (/usr/local/texlive/2022/texmf-dist/tex/latex/xcolor/xcolor.sty
Package: xcolor 2021/10/31 v2.13 LaTeX color extensions (UK)
 (/usr/local/texlive/2022/texmf-dist/tex/latex/graphics-cfg/color.cfg
File: color.cfg 2016/01/02 v1.6 sample color configuration
)
Package xcolor Info: Driver file: luatex.def on input line 227.
 (/usr/local/texlive/2022/texmf-dist/tex/latex/graphics-def/luatex.def
File: luatex.def 2021/06/01 v1.2c Graphics/color driver for luatex
)
Package xcolor Info: Model `cmy' substituted by `cmy0' on input line 1352.
Package xcolor Info: Model `hsb' substituted by `rgb' on input line 1356.
Package xcolor Info: Model `RGB' extended on input line 1368.
Package xcolor Info: Model `HTML' substituted by `rgb' on input line 1370.
Package xcolor Info: Model `Hsb' substituted by `hsb' on input line 1371.
Package xcolor Info: Model `tHsb' substituted by `hsb' on input line 1372.
Package xcolor Info: Model `HSB' substituted by `hsb' on input line 1373.
Package xcolor Info: Model `Gray' substituted by `gray' on input line 1374.
Package xcolor Info: Model `wave' substituted by `hsb' on input line 1375.
)) (/usr/local/texlive/2022/texmf-dist/tex/latex/graphics/graphicx.sty
Package: graphicx 2021/09/16 v1.2d Enhanced LaTeX Graphics (DPC,SPQR)
 (/usr/local/texlive/2022/texmf-dist/tex/latex/graphics/graphics.sty
Package: graphics 2021/03/04 v1.4d Standard LaTeX Graphics (DPC,SPQR)
 (/usr/local/texlive/2022/texmf-dist/tex/latex/graphics/trig.sty
Package: trig 2021/08/11 v1.11 sin cos tan (DPC)
) (/usr/local/texlive/2022/texmf-dist/tex/latex/graphics-cfg/graphics.cfg
File: graphics.cfg 2016/06/04 v1.11 sample graphics configuration
)
Package graphics Info: Driver file: luatex.def on input line 107.
)
\Gin@req@height=\dimen150
\Gin@req@width=\dimen151
)
\AM@pagewidth=\dimen152
\AM@pageheight=\dimen153
\AM@fboxrule=\dimen154
 (/usr/local/texlive/2022/texmf-dist/tex/latex/pdfpages/ppluatex.def
File: ppluatex.def 2022/01/29 v0.5u Pdfpages driver for LuaTeX (AM)
)
\pdfpages@includegraphics@status=\count197
\AM@pagebox=\box50
\AM@global@opts=\toks18
\AM@pagecnt=\count198
\AM@toc@title=\toks19
\c@AM@survey=\count199
\AM@templatesizebox=\box51
) (/usr/local/texlive/2022/texmf-dist/tex/latex/fancyhdr/fancyhdr.sty
Package: fancyhdr 2021/01/28 v4.0.1 Extensive control of page headers and footers
\f@nch@headwidth=\skip52
\f@nch@O@elh=\skip53
\f@nch@O@erh=\skip54
\f@nch@O@olh=\skip55
\f@nch@O@orh=\skip56
\f@nch@O@elf=\skip57
\f@nch@O@erf=\skip58
\f@nch@O@olf=\skip59
\f@nch@O@orf=\skip60
) (/usr/local/texlive/2022/texmf-dist/tex/latex/l3backend/l3backend-luatex.def
File: l3backend-luatex.def 2022-02-07 L3 backend support: PDF output (LuaTeX)
\l__color_backend_stack_int=\count266
\l__pdf_internal_box=\box52
)
No file SupplementalTablesStagingPaper.aux.

\openout1 = SupplementalTablesStagingPaper.aux
LaTeX Font Info:    Checking defaults for OML/cmm/m/it on input line 9.
LaTeX Font Info:    ... okay on input line 9.
LaTeX Font Info:    Checking defaults for OMS/cmsy/m/n on input line 9.
LaTeX Font Info:    ... okay on input line 9.
LaTeX Font Info:    Checking defaults for OT1/cmr/m/n on input line 9.
LaTeX Font Info:    ... okay on input line 9.
LaTeX Font Info:    Checking defaults for T1/cmr/m/n on input line 9.
LaTeX Font Info:    ... okay on input line 9.
LaTeX Font Info:    Checking defaults for TS1/cmr/m/n on input line 9.
LaTeX Font Info:    Trying to load font information for TS1+cmr on input line 9.
(/usr/local/texlive/2022/texmf-dist/tex/latex/base/ts1cmr.fd
File: ts1cmr.fd 2019/12/16 v2.5j Standard LaTeX font definitions
)
LaTeX Font Info:    ... okay on input line 9.
LaTeX Font Info:    Checking defaults for TU/lmr/m/n on input line 9.
LaTeX Font Info:    ... okay on input line 9.
LaTeX Font Info:    Checking defaults for OMX/cmex/m/n on input line 9.
LaTeX Font Info:    ... okay on input line 9.
LaTeX Font Info:    Checking defaults for U/cmr/m/n on input line 9.
LaTeX Font Info:    ... okay on input line 9.

*geometry* driver: auto-detecting
*geometry* detected driver: luatex
*geometry* verbose mode - [ preamble ] result:
* driver: luatex
* paper: <default>
* layout: <same size as paper>
* layoutoffset:(h,v)=(0.0pt,0.0pt)
* modes: 
* h-part:(L,W,R)=(36.135pt, 542.02501pt, 36.135pt)
* v-part:(T,H,B)=(36.135pt, 722.7pt, 36.135pt)
* \paperwidth=614.295pt
* \paperheight=794.96999pt
* \textwidth=542.02501pt
* \textheight=722.7pt
* \oddsidemargin=-36.135pt
* \evensidemargin=-36.135pt
* \topmargin=-73.135pt
* \headheight=12.0pt
* \headsep=25.0pt
* \topskip=10.0pt
* \footskip=30.0pt
* \marginparwidth=65.0pt
* \marginparsep=11.0pt
* \columnsep=10.0pt
* \skip\footins=9.0pt plus 4.0pt minus 2.0pt
* \hoffset=0.0pt
* \voffset=0.0pt
* \mag=1000
* \@twocolumnfalse
* \@twosidefalse
* \@mparswitchfalse
* \@reversemarginfalse
* (1in=72.27pt=25.4mm, 1cm=28.453pt)

(/usr/local/texlive/2022/texmf-dist/tex/context/base/mkii/supp-pdf.mkii
[Loading MPS to PDF converter (version 2006.09.02).]
\scratchcounter=\count267
\scratchdimen=\dimen155
\scratchbox=\box53
\nofMPsegments=\count268
\nofMParguments=\count269
\everyMPshowfont=\toks20
\MPscratchCnt=\count270
\MPscratchDim=\dimen156
\MPnumerator=\count271
\makeMPintoPDFobject=\count272
\everyMPtoPDFconversion=\toks21
) (/usr/local/texlive/2022/texmf-dist/tex/latex/epstopdf-pkg/epstopdf-base.sty
Package: epstopdf-base 2020-01-24 v2.11 Base part for package epstopdf
Package epstopdf-base Info: Redefining graphics rule for `.eps' on input line 485.
 (/usr/local/texlive/2022/texmf-dist/tex/latex/latexconfig/epstopdf-sys.cfg
File: epstopdf-sys.cfg 2010/07/13 v1.3 Configuration of (r)epstopdf for TeX Live
)) (/usr/local/texlive/2022/texmf-dist/tex/latex/pdflscape/pdflscape.sty
Package: pdflscape 2019/12/05 v0.12 Display of landscape pages in PDF (HO)
 (/usr/local/texlive/2022/texmf-dist/tex/latex/graphics/lscape.sty
Package: lscape 2020/05/28 v3.02 Landscape Pages (DPC)
)
Package pdflscape Info: Auto-detected driver: pdftex on input line 81.
)

/Users/tmsincomb/G001/data/tables/input/SupplementalTablesStagingPaper.tex:11: Package pdfpages Error: Cannot find file `all-sup-tables'.

See the pdfpages package documentation for explanation.
Type  H <return>  for immediate help.
 ...                                              
                                                  
l.11 \includepdf[pages=1-]{all-sup-tables}
                                        
This error message was generated by an \errmessage
command, so I can't give any explicit help.
Pretend that you're Hercule Poirot: Examine all clues,
and deduce the truth by order and method.


/Users/tmsincomb/G001/data/tables/input/SupplementalTablesStagingPaper.tex:11: Package pdfpages Error: Cannot find file `1-'.

See the pdfpages package documentation for explanation.
Type  H <return>  for immediate help.
 ...                                              
                                                  
l.11 \includepdf[pages=1-]{all-sup-tables}
                                        
(That was another \errmessage.)

/Users/tmsincomb/G001/data/tables/input/SupplementalTablesStagingPaper.tex:11: Undefined control sequence.
\AM@expand@range ...M@i \relax \@tempcntb =\AM@ii 
                                                  \relax \ifnum \@tempcnta <...
l.11 \includepdf[pages=1-]{all-sup-tables}
                                        
The control sequence at the end of the top line
of your error message was never \def'ed. If you have
misspelled it (e.g., `\hobx'), type `I' and the correct
spelling (e.g., `I\hbox'). Otherwise just continue,
and I'll forget about whatever was undefined.

/Users/tmsincomb/G001/data/tables/input/SupplementalTablesStagingPaper.tex:11: Missing number, treated as zero.
<to be read again> 
\relax 
l.11 \includepdf[pages=1-]{all-sup-tables}
                                        
A number should have been here; I inserted `0'.
(If you can't figure out why I needed to see a number,
look up `weird error' in the index to The TeXbook.)

/Users/tmsincomb/G001/data/tables/input/SupplementalTablesStagingPaper.tex:11: Undefined control sequence.
\AM@checkpagenumber #1->\ifnum #1>\AM@pagecount 
                                                \relax \ifthenelse {\boolean...
l.11 \includepdf[pages=1-]{all-sup-tables}
                                        
The control sequence at the end of the top line
of your error message was never \def'ed. If you have
misspelled it (e.g., `\hobx'), type `I' and the correct
spelling (e.g., `I\hbox'). Otherwise just continue,
and I'll forget about whatever was undefined.

/Users/tmsincomb/G001/data/tables/input/SupplementalTablesStagingPaper.tex:11: Missing number, treated as zero.
<to be read again> 
\relax 
l.11 \includepdf[pages=1-]{all-sup-tables}
                                        
A number should have been here; I inserted `0'.
(If you can't figure out why I needed to see a number,
look up `weird error' in the index to The TeXbook.)


/Users/tmsincomb/G001/data/tables/input/SupplementalTablesStagingPaper.tex:11: Package pdfpages Error: Page 1 of `\AM@currentdocname ' does not exist.

See the pdfpages package documentation for explanation.
Type  H <return>  for immediate help.
 ...                                              
                                                  
l.11 \includepdf[pages=1-]{all-sup-tables}
                                        
You have set a wrong page number in the `pages' option. Document 
`\AM@currentdocname ' does not have 1 pages.

/Users/tmsincomb/G001/data/tables/input/SupplementalTablesStagingPaper.tex:11: Undefined control sequence.
\AM@checkpagenumber #1->\ifnum #1>\AM@pagecount 
                                                \relax \ifthenelse {\boolean...
l.11 \includepdf[pages=1-]{all-sup-tables}
                                        
The control sequence at the end of the top line
of your error message was never \def'ed. If you have
misspelled it (e.g., `\hobx'), type `I' and the correct
spelling (e.g., `I\hbox'). Otherwise just continue,
and I'll forget about whatever was undefined.

/Users/tmsincomb/G001/data/tables/input/SupplementalTablesStagingPaper.tex:11: Missing number, treated as zero.
<to be read again> 
\relax 
l.11 \includepdf[pages=1-]{all-sup-tables}
                                        
A number should have been here; I inserted `0'.
(If you can't figure out why I needed to see a number,
look up `weird error' in the index to The TeXbook.)

/Users/tmsincomb/G001/data/tables/input/SupplementalTablesStagingPaper.tex:11: Missing \endcsname inserted.
<to be read again> 
AM@currentdocname 
l.11 \includepdf[pages=1-]{all-sup-tables}
                                        
The control sequence marked <to be read again> should
not appear between \csname and \endcsname.

/Users/tmsincomb/G001/data/tables/input/SupplementalTablesStagingPaper.tex:11: Use of ??? doesn't match its definition.
<argument> ???  
     ! LaTeX3 Error: AM@currentdocname invalid in file name. Lost: .
l.11 \includepdf[pages=1-]{all-sup-tables}
                                        
If you say, e.g., `\def\a1{...}', then you must always
put `1' after `\a', since control sequence names are
made up of letters only. The macro here has not been
followed by the required stuff, so I'm ignoring it.

/Users/tmsincomb/G001/data/tables/input/SupplementalTablesStagingPaper.tex:11: Missing \endcsname inserted.
<to be read again> 
AM@currentdocname 
l.11 \includepdf[pages=1-]{all-sup-tables}
                                        
The control sequence marked <to be read again> should
not appear between \csname and \endcsname.

/Users/tmsincomb/G001/data/tables/input/SupplementalTablesStagingPaper.tex:11: Use of ??? doesn't match its definition.
<argument> ???  
     ! LaTeX3 Error: AM@currentdocname invalid in file name. Lost: .
l.11 \includepdf[pages=1-]{all-sup-tables}
                                        
If you say, e.g., `\def\a1{...}', then you must always
put `1' after `\a', since control sequence names are
made up of letters only. The macro here has not been
followed by the required stuff, so I'm ignoring it.

/Users/tmsincomb/G001/data/tables/input/SupplementalTablesStagingPaper.tex:11: Missing \endcsname inserted.
<to be read again> 
AM@currentdocname 
l.11 \includepdf[pages=1-]{all-sup-tables}
                                        
The control sequence marked <to be read again> should
not appear between \csname and \endcsname.

/Users/tmsincomb/G001/data/tables/input/SupplementalTablesStagingPaper.tex:11: Use of ??? doesn't match its definition.
<argument> ???  
     ! LaTeX3 Error: AM@currentdocname invalid in file name. Lost: .
l.11 \includepdf[pages=1-]{all-sup-tables}
                                        
If you say, e.g., `\def\a1{...}', then you must always
put `1' after `\a', since control sequence names are
made up of letters only. The macro here has not been
followed by the required stuff, so I'm ignoring it.


/Users/tmsincomb/G001/data/tables/input/SupplementalTablesStagingPaper.tex:11: LaTeX Error: File `\AM@currentdocname ' not found.

See the LaTeX manual or LaTeX Companion for explanation.
Type  H <return>  for immediate help.
 ...                                              
                                                  
l.11 \includepdf[pages=1-]{all-sup-tables}
                                        
I could not locate the file with any of these extensions:
.pdf,.png,.jpg,.mps,.jpeg,.jbig2,.jb2,.PDF,.PNG,.JPG,.JPEG,.JBIG2,.JB2,.eps
Try typing  <return>  to proceed.
If that doesn't work, type  X <return>  to quit.

/Users/tmsincomb/G001/data/tables/input/SupplementalTablesStagingPaper.tex:11: Arithmetic overflow.
<recently read> \calc@Acount 
             
l.11 \includepdf[pages=1-]{all-sup-tables}
                                        
I can't carry out that multiplication or division,
since the result is out of range.

/Users/tmsincomb/G001/data/tables/input/SupplementalTablesStagingPaper.tex:11: Arithmetic overflow.
<recently read> \calc@Acount 
             
l.11 \includepdf[pages=1-]{all-sup-tables}
                                        
I can't carry out that multiplication or division,
since the result is out of range.

/Users/tmsincomb/G001/data/tables/input/SupplementalTablesStagingPaper.tex:11: Missing \endcsname inserted.
<to be read again> 
AM@currentdocname 
l.11 \includepdf[pages=1-]{all-sup-tables}
                                        
The control sequence marked <to be read again> should
not appear between \csname and \endcsname.

/Users/tmsincomb/G001/data/tables/input/SupplementalTablesStagingPaper.tex:11: Use of ??? doesn't match its definition.
<argument> ???  
     ! LaTeX3 Error: AM@currentdocname invalid in file name. Lost: .
l.11 \includepdf[pages=1-]{all-sup-tables}
                                        
If you say, e.g., `\def\a1{...}', then you must always
put `1' after `\a', since control sequence names are
made up of letters only. The macro here has not been
followed by the required stuff, so I'm ignoring it.

/Users/tmsincomb/G001/data/tables/input/SupplementalTablesStagingPaper.tex:11: Missing \endcsname inserted.
<to be read again> 
AM@currentdocname 
l.11 \includepdf[pages=1-]{all-sup-tables}
                                        
The control sequence marked <to be read again> should
not appear between \csname and \endcsname.

/Users/tmsincomb/G001/data/tables/input/SupplementalTablesStagingPaper.tex:11: Use of ??? doesn't match its definition.
<argument> ???  
     ! LaTeX3 Error: AM@currentdocname invalid in file name. Lost: .
l.11 \includepdf[pages=1-]{all-sup-tables}
                                        
If you say, e.g., `\def\a1{...}', then you must always
put `1' after `\a', since control sequence names are
made up of letters only. The macro here has not been
followed by the required stuff, so I'm ignoring it.

/Users/tmsincomb/G001/data/tables/input/SupplementalTablesStagingPaper.tex:11: Missing \endcsname inserted.
<to be read again> 
AM@currentdocname 
l.11 \includepdf[pages=1-]{all-sup-tables}
                                        
The control sequence marked <to be read again> should
not appear between \csname and \endcsname.

/Users/tmsincomb/G001/data/tables/input/SupplementalTablesStagingPaper.tex:11: Use of ??? doesn't match its definition.
<argument> ???  
     ! LaTeX3 Error: AM@currentdocname invalid in file name. Lost: .
l.11 \includepdf[pages=1-]{all-sup-tables}
                                        
If you say, e.g., `\def\a1{...}', then you must always
put `1' after `\a', since control sequence names are
made up of letters only. The macro here has not been
followed by the required stuff, so I'm ignoring it.


/Users/tmsincomb/G001/data/tables/input/SupplementalTablesStagingPaper.tex:11: LaTeX Error: File `\AM@currentdocname ' not found.

See the LaTeX manual or LaTeX Companion for explanation.
Type  H <return>  for immediate help.
 ...                                              
                                                  
l.11 \includepdf[pages=1-]{all-sup-tables}
                                        
I could not locate the file with any of these extensions:
.pdf,.png,.jpg,.mps,.jpeg,.jbig2,.jb2,.PDF,.PNG,.JPG,.JPEG,.JBIG2,.JB2,.eps
Try typing  <return>  to proceed.
If that doesn't work, type  X <return>  to quit.

/Users/tmsincomb/G001/data/tables/input/SupplementalTablesStagingPaper.tex:11: Missing \endcsname inserted.
<to be read again> 
AM@currentdocname 
l.11 \includepdf[pages=1-]{all-sup-tables}
                                        
The control sequence marked <to be read again> should
not appear between \csname and \endcsname.

/Users/tmsincomb/G001/data/tables/input/SupplementalTablesStagingPaper.tex:11: Use of ??? doesn't match its definition.
<argument> ???  
     ! LaTeX3 Error: AM@currentdocname invalid in file name. Lost: .
l.11 \includepdf[pages=1-]{all-sup-tables}
                                        
If you say, e.g., `\def\a1{...}', then you must always
put `1' after `\a', since control sequence names are
made up of letters only. The macro here has not been
followed by the required stuff, so I'm ignoring it.

/Users/tmsincomb/G001/data/tables/input/SupplementalTablesStagingPaper.tex:11: Missing \endcsname inserted.
<to be read again> 
AM@currentdocname 
l.11 \includepdf[pages=1-]{all-sup-tables}
                                        
The control sequence marked <to be read again> should
not appear between \csname and \endcsname.

/Users/tmsincomb/G001/data/tables/input/SupplementalTablesStagingPaper.tex:11: Use of ??? doesn't match its definition.
<argument> ???  
     ! LaTeX3 Error: AM@currentdocname invalid in file name. Lost: .
l.11 \includepdf[pages=1-]{all-sup-tables}
                                        
If you say, e.g., `\def\a1{...}', then you must always
put `1' after `\a', since control sequence names are
made up of letters only. The macro here has not been
followed by the required stuff, so I'm ignoring it.

/Users/tmsincomb/G001/data/tables/input/SupplementalTablesStagingPaper.tex:11: Missing \endcsname inserted.
<to be read again> 
AM@currentdocname 
l.11 \includepdf[pages=1-]{all-sup-tables}
                                        
The control sequence marked <to be read again> should
not appear between \csname and \endcsname.

/Users/tmsincomb/G001/data/tables/input/SupplementalTablesStagingPaper.tex:11: Use of ??? doesn't match its definition.
<argument> ???  
     ! LaTeX3 Error: AM@currentdocname invalid in file name. Lost: .
l.11 \includepdf[pages=1-]{all-sup-tables}
                                        
If you say, e.g., `\def\a1{...}', then you must always
put `1' after `\a', since control sequence names are
made up of letters only. The macro here has not been
followed by the required stuff, so I'm ignoring it.


/Users/tmsincomb/G001/data/tables/input/SupplementalTablesStagingPaper.tex:11: LaTeX Error: File `\AM@currentdocname ' not found.

See the LaTeX manual or LaTeX Companion for explanation.
Type  H <return>  for immediate help.
 ...                                              
                                                  
l.11 \includepdf[pages=1-]{all-sup-tables}
                                        
I could not locate the file with any of these extensions:
.pdf,.png,.jpg,.mps,.jpeg,.jbig2,.jb2,.PDF,.PNG,.JPG,.JPEG,.JBIG2,.JB2,.eps
Try typing  <return>  to proceed.
If that doesn't work, type  X <return>  to quit.

/Users/tmsincomb/G001/data/tables/input/SupplementalTablesStagingPaper.tex:11: Missing \endcsname inserted.
<to be read again> 
AM@currentdocname 
l.11 \includepdf[pages=1-]{all-sup-tables}
                                        
The control sequence marked <to be read again> should
not appear between \csname and \endcsname.

/Users/tmsincomb/G001/data/tables/input/SupplementalTablesStagingPaper.tex:11: Use of ??? doesn't match its definition.
<argument> ???  
     ! LaTeX3 Error: AM@currentdocname invalid in file name. Lost: .
l.11 \includepdf[pages=1-]{all-sup-tables}
                                        
If you say, e.g., `\def\a1{...}', then you must always
put `1' after `\a', since control sequence names are
made up of letters only. The macro here has not been
followed by the required stuff, so I'm ignoring it.

/Users/tmsincomb/G001/data/tables/input/SupplementalTablesStagingPaper.tex:11: Missing \endcsname inserted.
<to be read again> 
AM@currentdocname 
l.11 \includepdf[pages=1-]{all-sup-tables}
                                        
The control sequence marked <to be read again> should
not appear between \csname and \endcsname.

/Users/tmsincomb/G001/data/tables/input/SupplementalTablesStagingPaper.tex:11: Use of ??? doesn't match its definition.
<argument> ???  
     ! LaTeX3 Error: AM@currentdocname invalid in file name. Lost: .
l.11 \includepdf[pages=1-]{all-sup-tables}
                                        
If you say, e.g., `\def\a1{...}', then you must always
put `1' after `\a', since control sequence names are
made up of letters only. The macro here has not been
followed by the required stuff, so I'm ignoring it.

/Users/tmsincomb/G001/data/tables/input/SupplementalTablesStagingPaper.tex:11: Missing \endcsname inserted.
<to be read again> 
AM@currentdocname 
l.11 \includepdf[pages=1-]{all-sup-tables}
                                        
The control sequence marked <to be read again> should
not appear between \csname and \endcsname.

/Users/tmsincomb/G001/data/tables/input/SupplementalTablesStagingPaper.tex:11: Use of ??? doesn't match its definition.
<argument> ???  
     ! LaTeX3 Error: AM@currentdocname invalid in file name. Lost: .
l.11 \includepdf[pages=1-]{all-sup-tables}
                                        
If you say, e.g., `\def\a1{...}', then you must always
put `1' after `\a', since control sequence names are
made up of letters only. The macro here has not been
followed by the required stuff, so I'm ignoring it.


/Users/tmsincomb/G001/data/tables/input/SupplementalTablesStagingPaper.tex:11: LaTeX Error: File `\AM@currentdocname ' not found.

See the LaTeX manual or LaTeX Companion for explanation.
Type  H <return>  for immediate help.
 ...                                              
                                                  
l.11 \includepdf[pages=1-]{all-sup-tables}
                                        
I could not locate the file with any of these extensions:
.pdf,.png,.jpg,.mps,.jpeg,.jbig2,.jb2,.PDF,.PNG,.JPG,.JPEG,.JBIG2,.JB2,.eps
Try typing  <return>  to proceed.
If that doesn't work, type  X <return>  to quit.

/Users/tmsincomb/G001/data/tables/input/SupplementalTablesStagingPaper.tex:11: Missing \endcsname inserted.
<to be read again> 
AM@currentdocname 
l.11 \includepdf[pages=1-]{all-sup-tables}
                                        
The control sequence marked <to be read again> should
not appear between \csname and \endcsname.

/Users/tmsincomb/G001/data/tables/input/SupplementalTablesStagingPaper.tex:11: Use of ??? doesn't match its definition.
<argument> ???  
     ! LaTeX3 Error: AM@currentdocname invalid in file name. Lost: .
l.11 \includepdf[pages=1-]{all-sup-tables}
                                        
If you say, e.g., `\def\a1{...}', then you must always
put `1' after `\a', since control sequence names are
made up of letters only. The macro here has not been
followed by the required stuff, so I'm ignoring it.

/Users/tmsincomb/G001/data/tables/input/SupplementalTablesStagingPaper.tex:11: Missing \endcsname inserted.
<to be read again> 
AM@currentdocname 
l.11 \includepdf[pages=1-]{all-sup-tables}
                                        
The control sequence marked <to be read again> should
not appear between \csname and \endcsname.

/Users/tmsincomb/G001/data/tables/input/SupplementalTablesStagingPaper.tex:11: Use of ??? doesn't match its definition.
<argument> ???  
     ! LaTeX3 Error: AM@currentdocname invalid in file name. Lost: .
l.11 \includepdf[pages=1-]{all-sup-tables}
                                        
If you say, e.g., `\def\a1{...}', then you must always
put `1' after `\a', since control sequence names are
made up of letters only. The macro here has not been
followed by the required stuff, so I'm ignoring it.

/Users/tmsincomb/G001/data/tables/input/SupplementalTablesStagingPaper.tex:11: Missing \endcsname inserted.
<to be read again> 
AM@currentdocname 
l.11 \includepdf[pages=1-]{all-sup-tables}
                                        
The control sequence marked <to be read again> should
not appear between \csname and \endcsname.

/Users/tmsincomb/G001/data/tables/input/SupplementalTablesStagingPaper.tex:11: Use of ??? doesn't match its definition.
<argument> ???  
     ! LaTeX3 Error: AM@currentdocname invalid in file name. Lost: .
l.11 \includepdf[pages=1-]{all-sup-tables}
                                        
If you say, e.g., `\def\a1{...}', then you must always
put `1' after `\a', since control sequence names are
made up of letters only. The macro here has not been
followed by the required stuff, so I'm ignoring it.


/Users/tmsincomb/G001/data/tables/input/SupplementalTablesStagingPaper.tex:11: LaTeX Error: File `\AM@currentdocname ' not found.

See the LaTeX manual or LaTeX Companion for explanation.
Type  H <return>  for immediate help.
 ...                                              
                                                  
l.11 \includepdf[pages=1-]{all-sup-tables}
                                        
I could not locate the file with any of these extensions:
.pdf,.png,.jpg,.mps,.jpeg,.jbig2,.jb2,.PDF,.PNG,.JPG,.JPEG,.JBIG2,.JB2,.eps
Try typing  <return>  to proceed.
If that doesn't work, type  X <return>  to quit.

[1

]
/Users/tmsincomb/G001/data/tables/input/SupplementalTablesStagingPaper.tex:11: Missing \endcsname inserted.
<to be read again> 
AM@currentdocname 
l.11 \includepdf[pages=1-]{all-sup-tables}
                                        
The control sequence marked <to be read again> should
not appear between \csname and \endcsname.

/Users/tmsincomb/G001/data/tables/input/SupplementalTablesStagingPaper.tex:11: Use of ??? doesn't match its definition.
<argument> ???  
     ! LaTeX3 Error: AM@currentdocname invalid in file name. Lost: .
l.11 \includepdf[pages=1-]{all-sup-tables}
                                        
If you say, e.g., `\def\a1{...}', then you must always
put `1' after `\a', since control sequence names are
made up of letters only. The macro here has not been
followed by the required stuff, so I'm ignoring it.

/Users/tmsincomb/G001/data/tables/input/SupplementalTablesStagingPaper.tex:11: Missing \endcsname inserted.
<to be read again> 
AM@currentdocname 
l.11 \includepdf[pages=1-]{all-sup-tables}
                                        
The control sequence marked <to be read again> should
not appear between \csname and \endcsname.

/Users/tmsincomb/G001/data/tables/input/SupplementalTablesStagingPaper.tex:11: Use of ??? doesn't match its definition.
<argument> ???  
     ! LaTeX3 Error: AM@currentdocname invalid in file name. Lost: .
l.11 \includepdf[pages=1-]{all-sup-tables}
                                        
If you say, e.g., `\def\a1{...}', then you must always
put `1' after `\a', since control sequence names are
made up of letters only. The macro here has not been
followed by the required stuff, so I'm ignoring it.

/Users/tmsincomb/G001/data/tables/input/SupplementalTablesStagingPaper.tex:11: Missing \endcsname inserted.
<to be read again> 
AM@currentdocname 
l.11 \includepdf[pages=1-]{all-sup-tables}
                                        
The control sequence marked <to be read again> should
not appear between \csname and \endcsname.

/Users/tmsincomb/G001/data/tables/input/SupplementalTablesStagingPaper.tex:11: Use of ??? doesn't match its definition.
<argument> ???  
     ! LaTeX3 Error: AM@currentdocname invalid in file name. Lost: .
l.11 \includepdf[pages=1-]{all-sup-tables}
                                        
If you say, e.g., `\def\a1{...}', then you must always
put `1' after `\a', since control sequence names are
made up of letters only. The macro here has not been
followed by the required stuff, so I'm ignoring it.


/Users/tmsincomb/G001/data/tables/input/SupplementalTablesStagingPaper.tex:11: LaTeX Error: File `\AM@currentdocname ' not found.

See the LaTeX manual or LaTeX Companion for explanation.
Type  H <return>  for immediate help.
 ...                                              
                                                  
l.11 \includepdf[pages=1-]{all-sup-tables}
                                        
I could not locate the file with any of these extensions:
.pdf,.png,.jpg,.mps,.jpeg,.jbig2,.jb2,.PDF,.PNG,.JPG,.JPEG,.JBIG2,.JB2,.eps
Try typing  <return>  to proceed.
If that doesn't work, type  X <return>  to quit.

/Users/tmsincomb/G001/data/tables/input/SupplementalTablesStagingPaper.tex:11: Missing \endcsname inserted.
<to be read again> 
AM@currentdocname 
l.11 \includepdf[pages=1-]{all-sup-tables}
                                        
The control sequence marked <to be read again> should
not appear between \csname and \endcsname.

/Users/tmsincomb/G001/data/tables/input/SupplementalTablesStagingPaper.tex:11: Use of ??? doesn't match its definition.
<argument> ???  
     ! LaTeX3 Error: AM@currentdocname invalid in file name. Lost: .
l.11 \includepdf[pages=1-]{all-sup-tables}
                                        
If you say, e.g., `\def\a1{...}', then you must always
put `1' after `\a', since control sequence names are
made up of letters only. The macro here has not been
followed by the required stuff, so I'm ignoring it.

/Users/tmsincomb/G001/data/tables/input/SupplementalTablesStagingPaper.tex:11: Missing \endcsname inserted.
<to be read again> 
AM@currentdocname 
l.11 \includepdf[pages=1-]{all-sup-tables}
                                        
The control sequence marked <to be read again> should
not appear between \csname and \endcsname.

/Users/tmsincomb/G001/data/tables/input/SupplementalTablesStagingPaper.tex:11: Use of ??? doesn't match its definition.
<argument> ???  
     ! LaTeX3 Error: AM@currentdocname invalid in file name. Lost: .
l.11 \includepdf[pages=1-]{all-sup-tables}
                                        
If you say, e.g., `\def\a1{...}', then you must always
put `1' after `\a', since control sequence names are
made up of letters only. The macro here has not been
followed by the required stuff, so I'm ignoring it.

/Users/tmsincomb/G001/data/tables/input/SupplementalTablesStagingPaper.tex:11: Missing \endcsname inserted.
<to be read again> 
AM@currentdocname 
l.11 \include