This is XeTeX, Version 3.141592653-2.6-0.999994 (TeX Live 2022) (preloaded format=xelatex 2022.4.16)  18 NOV 2022 00:28
entering extended mode
 restricted \write18 enabled.
 %&-line parsing enabled.
**data/tables/input/SupplementalTablesStagingPaper.tex
(./data/tables/input/SupplementalTablesStagingPaper.tex
LaTeX2e <2021-11-15> patch level 1
L3 programming layer <2022-02-24>
(/usr/local/texlive/2022/texmf-dist/tex/latex/base/article.cls
Document Class: article 2021/10/04 v1.4n Standard LaTeX document class
(/usr/local/texlive/2022/texmf-dist/tex/latex/base/size10.clo
File: size10.clo 2021/10/04 v1.4n Standard LaTeX file (size option)
)
\c@part=\count181
\c@section=\count182
\c@subsection=\count183
\c@subsubsection=\count184
\c@paragraph=\count185
\c@subparagraph=\count186
\c@figure=\count187
\c@table=\count188
\abovecaptionskip=\skip47
\belowcaptionskip=\skip48
\bibindent=\dimen138
)
(/usr/local/texlive/2022/texmf-dist/tex/latex/geometry/geometry.sty
Package: geometry 2020/01/02 v5.9 Page Geometry

(/usr/local/texlive/2022/texmf-dist/tex/latex/graphics/keyval.sty
Package: keyval 2014/10/28 v1.15 key=value parser (DPC)
\KV@toks@=\toks16
)
(/usr/local/texlive/2022/texmf-dist/tex/generic/iftex/ifvtex.sty
Package: ifvtex 2019/10/25 v1.7 ifvtex legacy package. Use iftex instead.

(/usr/local/texlive/2022/texmf-dist/tex/generic/iftex/iftex.sty
Package: iftex 2022/02/03 v1.0f TeX engine tests
))
\Gm@cnth=\count189
\Gm@cntv=\count190
\c@Gm@tempcnt=\count191
\Gm@bindingoffset=\dimen139
\Gm@wd@mp=\dimen140
\Gm@odd@mp=\dimen141
\Gm@even@mp=\dimen142
\Gm@layoutwidth=\dimen143
\Gm@layoutheight=\dimen144
\Gm@layouthoffset=\dimen145
\Gm@layoutvoffset=\dimen146
\Gm@dimlist=\toks17
)
(/usr/local/texlive/2022/texmf-dist/tex/latex/pdfpages/pdfpages.sty
Package: pdfpages 2022/01/29 v0.5u Insert pages of external PDF documents (AM)

(/usr/local/texlive/2022/texmf-dist/tex/latex/base/ifthen.sty
Package: ifthen 2020/11/24 v1.1c Standard LaTeX ifthen package (DPC)
)
(/usr/local/texlive/2022/texmf-dist/tex/latex/tools/calc.sty
Package: calc 2017/05/25 v4.3 Infix arithmetic (KKT,FJ)
\calc@Acount=\count192
\calc@Bcount=\count193
\calc@Adimen=\dimen147
\calc@Bdimen=\dimen148
\calc@Askip=\skip49
\calc@Bskip=\skip50
LaTeX Info: Redefining \setlength on input line 80.
LaTeX Info: Redefining \addtolength on input line 81.
\calc@Ccount=\count194
\calc@Cskip=\skip51
)
(/usr/local/texlive/2022/texmf-dist/tex/latex/eso-pic/eso-pic.sty
Package: eso-pic 2020/10/14 v3.0a eso-pic (RN)
\ESO@tempdima=\dimen149
\ESO@tempdimb=\dimen150

(/usr/local/texlive/2022/texmf-dist/tex/latex/xcolor/xcolor.sty
Package: xcolor 2021/10/31 v2.13 LaTeX color extensions (UK)

(/usr/local/texlive/2022/texmf-dist/tex/latex/graphics-cfg/color.cfg
File: color.cfg 2016/01/02 v1.6 sample color configuration
)
Package xcolor Info: Driver file: xetex.def on input line 227.

(/usr/local/texlive/2022/texmf-dist/tex/latex/graphics-def/xetex.def
File: xetex.def 2021/03/18 v5.0k Graphics/color driver for xetex
)
Package xcolor Info: Model `cmy' substituted by `cmy0' on input line 1352.
Package xcolor Info: Model `RGB' extended on input line 1368.
Package xcolor Info: Model `HTML' substituted by `rgb' on input line 1370.
Package xcolor Info: Model `Hsb' substituted by `hsb' on input line 1371.
Package xcolor Info: Model `tHsb' substituted by `hsb' on input line 1372.
Package xcolor Info: Model `HSB' substituted by `hsb' on input line 1373.
Package xcolor Info: Model `Gray' substituted by `gray' on input line 1374.
Package xcolor Info: Model `wave' substituted by `hsb' on input line 1375.
))
(/usr/local/texlive/2022/texmf-dist/tex/latex/graphics/graphicx.sty
Package: graphicx 2021/09/16 v1.2d Enhanced LaTeX Graphics (DPC,SPQR)

(/usr/local/texlive/2022/texmf-dist/tex/latex/graphics/graphics.sty
Package: graphics 2021/03/04 v1.4d Standard LaTeX Graphics (DPC,SPQR)

(/usr/local/texlive/2022/texmf-dist/tex/latex/graphics/trig.sty
Package: trig 2021/08/11 v1.11 sin cos tan (DPC)
)
(/usr/local/texlive/2022/texmf-dist/tex/latex/graphics-cfg/graphics.cfg
File: graphics.cfg 2016/06/04 v1.11 sample graphics configuration
)
Package graphics Info: Driver file: xetex.def on input line 107.
)
\Gin@req@height=\dimen151
\Gin@req@width=\dimen152
)
\AM@pagewidth=\dimen153
\AM@pageheight=\dimen154
\AM@fboxrule=\dimen155

(/usr/local/texlive/2022/texmf-dist/tex/latex/pdfpages/ppxetex.def
File: ppxetex.def 2022/01/29 v0.5u Pdfpages driver for XeTeX (AM)
)
\pdfpages@includegraphics@status=\count195
\AM@pagebox=\box50
\AM@global@opts=\toks18
\AM@pagecnt=\count196
\AM@toc@title=\toks19
\c@AM@survey=\count197
\AM@templatesizebox=\box51
)
(/usr/local/texlive/2022/texmf-dist/tex/latex/fancyhdr/fancyhdr.sty
Package: fancyhdr 2021/01/28 v4.0.1 Extensive control of page headers and foote
rs
\f@nch@headwidth=\skip52
\f@nch@O@elh=\skip53
\f@nch@O@erh=\skip54
\f@nch@O@olh=\skip55
\f@nch@O@orh=\skip56
\f@nch@O@elf=\skip57
\f@nch@O@erf=\skip58
\f@nch@O@olf=\skip59
\f@nch@O@orf=\skip60
)
(/usr/local/texlive/2022/texmf-dist/tex/latex/l3backend/l3backend-xetex.def
File: l3backend-xetex.def 2022-02-07 L3 backend support: XeTeX

(|extractbb --version)
\c__kernel_sys_dvipdfmx_version_int=\count198
\l__color_backend_stack_int=\count199
\g__color_backend_stack_int=\count266
\g__graphics_track_int=\count267
\l__pdf_internal_box=\box52
\g__pdf_backend_object_int=\count268
\g__pdf_backend_annotation_int=\count269
\g__pdf_backend_link_int=\count270
) (data/tables/output/SupplementalTablesStagingPaper.aux)
\openout1 = `SupplementalTablesStagingPaper.aux'.

LaTeX Font Info:    Checking defaults for OML/cmm/m/it on input line 9.
LaTeX Font Info:    ... okay on input line 9.
LaTeX Font Info:    Checking defaults for OMS/cmsy/m/n on input line 9.
LaTeX Font Info:    ... okay on input line 9.
LaTeX Font Info:    Checking defaults for OT1/cmr/m/n on input line 9.
LaTeX Font Info:    ... okay on input line 9.
LaTeX Font Info:    Checking defaults for T1/cmr/m/n on input line 9.
LaTeX Font Info:    ... okay on input line 9.
LaTeX Font Info:    Checking defaults for TS1/cmr/m/n on input line 9.
LaTeX Font Info:    Trying to load font information for TS1+cmr on input line 9
.
(/usr/local/texlive/2022/texmf-dist/tex/latex/base/ts1cmr.fd
File: ts1cmr.fd 2019/12/16 v2.5j Standard LaTeX font definitions
)
LaTeX Font Info:    ... okay on input line 9.
LaTeX Font Info:    Checking defaults for TU/lmr/m/n on input line 9.
LaTeX Font Info:    ... okay on input line 9.
LaTeX Font Info:    Checking defaults for OMX/cmex/m/n on input line 9.
LaTeX Font Info:    ... okay on input line 9.
LaTeX Font Info:    Checking defaults for U/cmr/m/n on input line 9.
LaTeX Font Info:    ... okay on input line 9.

*geometry* driver: auto-detecting
*geometry* detected driver: xetex
*geometry* verbose mode - [ preamble ] result:
* driver: xetex
* paper: <default>
* layout: <same size as paper>
* layoutoffset:(h,v)=(0.0pt,0.0pt)
* modes: 
* h-part:(L,W,R)=(36.135pt, 542.02501pt, 36.135pt)
* v-part:(T,H,B)=(36.135pt, 722.7pt, 36.135pt)
* \paperwidth=614.295pt
* \paperheight=794.96999pt
* \textwidth=542.02501pt
* \textheight=722.7pt
* \oddsidemargin=-36.135pt
* \evensidemargin=-36.135pt
* \topmargin=-73.135pt
* \headheight=12.0pt
* \headsep=25.0pt
* \topskip=10.0pt
* \footskip=30.0pt
* \marginparwidth=65.0pt
* \marginparsep=11.0pt
* \columnsep=10.0pt
* \skip\footins=9.0pt plus 4.0pt minus 2.0pt
* \hoffset=0.0pt
* \voffset=0.0pt
* \mag=1000
* \@twocolumnfalse
* \@twosidefalse
* \@mparswitchfalse
* \@reversemarginfalse
* (1in=72.27pt=25.4mm, 1cm=28.453pt)

(/usr/local/texlive/2022/texmf-dist/tex/latex/pdflscape/pdflscape.sty
Package: pdflscape 2019/12/05 v0.12 Display of landscape pages in PDF (HO)

(/usr/local/texlive/2022/texmf-dist/tex/latex/graphics/lscape.sty
Package: lscape 2020/05/28 v3.02 Landscape Pages (DPC)
)
Package pdflscape Info: Auto-detected driver: dvipdfm (xetex) on input line 98.


(/usr/local/texlive/2022/texmf-dist/tex/latex/base/atbegshi-ltx.sty
Package: atbegshi-ltx 2021/01/10 v1.0c Emulation of the original atbegshi
package with kernel methods
))
File: data/tables/input/all-sup-tables.pdf Graphic file (type pdf)
<use data/tables/input/all-sup-tables.pdf>
File: data/tables/input/all-sup-tables.pdf Graphic file (type pdf)
<use data/tables/input/all-sup-tables.pdf>
File: data/tables/input/all-sup-tables.pdf Graphic file (type pdf)
<use data/tables/input/all-sup-tables.pdf, page 1>
File: data/tables/input/all-sup-tables.pdf Graphic file (type pdf)
<use data/tables/input/all-sup-tables.pdf, page 1>
File: data/tables/input/all-sup-tables.pdf Graphic file (type pdf)
<use data/tables/input/all-sup-tables.pdf, page 1>
File: data/tables/input/all-sup-tables.pdf Graphic file (type pdf)
<use data/tables/input/all-sup-tables.pdf, page 1>
File: data/tables/input/all-sup-tables.pdf Graphic file (type pdf)
<use data/tables/input/all-sup-tables.pdf, page 1>
 [1

]
File: data/tables/input/all-sup-tables.pdf Graphic file (type pdf)
<use data/tables/input/all-sup-tables.pdf, page 2>
File: data/tables/input/all-sup-tables.pdf Graphic file (type pdf)
<use data/tables/input/all-sup-tables.pdf, page 2>
File: data/tables/input/all-sup-tables.pdf Graphic file (type pdf)
<use data/tables/input/all-sup-tables.pdf, page 2>

[2]
File: data/tables/input/all-sup-tables.pdf Graphic file (type pdf)
<use data/tables/input/all-sup-tables.pdf, page 3>
File: data/tables/input/all-sup-tables.pdf Graphic file (type pdf)
<use data/tables/input/all-sup-tables.pdf, page 3>
File: data/tables/input/all-sup-tables.pdf Graphic file (type pdf)
<use data/tables/input/all-sup-tables.pdf, page 3>
 [3]
File: data/tables/input/all-sup-tables.pdf Graphic file (type pdf)
<use data/tables/input/all-sup-tables.pdf, page 4>
File: data/tables/input/all-sup-tables.pdf Graphic file (type pdf)
<use data/tables/input/all-sup-tables.pdf, page 4>
File: data/tables/input/all-sup-tables.pdf Graphic file (type pdf)
<use data/tables/input/all-sup-tables.pdf, page 4>
 [4]
File: data/tables/input/all-sup-tables.pdf Graphic file (type pdf)
<use data/tables/input/all-sup-tables.pdf, page 5>
File: data/tables/input/all-sup-tables.pdf Graphic file (type pdf)
<use data/tables/input/all-sup-tables.pdf, page 5>
File: data/tables/input/all-sup-tables.pdf Graphic file (type pdf)
<use data/tables/input/all-sup-tables.pdf, page 5>
 [5]
File: data/tables/input/all-sup-tables.pdf Graphic file (type pdf)
<use data/tables/input/all-sup-tables.pdf, page 6>
File: data/tables/input/all-sup-tables.pdf Graphic file (type pdf)
<use data/tables/input/all-sup-tables.pdf, page 6>
File: data/tables/input/all-sup-tables.pdf Graphic file (type pdf)
<use data/tables/input/all-sup-tables.pdf, page 6>
 [6]
File: data/tables/input/all-sup-tables.pdf Graphic file (type pdf)
<use data/tables/input/all-sup-tables.pdf, page 7>
File: data/tables/input/all-sup-tables.pdf Graphic file (type pdf)
<use data/tables/input/all-sup-tables.pdf, page 7>
File: data/tables/input/all-sup-tables.pdf Graphic file (type pdf)
<use data/tables/input/all-sup-tables.pdf, page 7>
 [7]
File: data/tables/input/all-sup-tables.pdf Graphic file (type pdf)
<use data/tables/input/all-sup-tables.pdf, page 8>
File: data/tables/input/all-sup-tables.pdf Graphic file (type pdf)
<use data/tables/input/all-sup-tables.pdf, page 8>
File: data/tables/input/all-sup-tables.pdf Graphic file (type pdf)
<use data/tables/input/all-sup-tables.pdf, page 8>
 [8]
File: data/tables/input/all-sup-tables.pdf Graphic file (type pdf)
<use data/tables/input/all-sup-tables.pdf, page 9>
File: data/tables/input/all-sup-tables.pdf Graphic file (type pdf)
<use data/tables/input/all-sup-tables.pdf, page 9>
File: data/tables/input/all-sup-tables.pdf Graphic file (type pdf)
<use data/tables/input/all-sup-tables.pdf, page 9>
 [9]
File: data/tables/input/all-sup-tables.pdf Graphic file (type pdf)
<use data/tables/input/all-sup-tables.pdf, page 10>
File: data/tables/input/all-sup-tables.pdf Graphic file (type pdf)
<use data/tables/input/all-sup-tables.pdf, page 10>
File: data/tables/input/all-sup-tables.pdf Graphic file (type pdf)
<use data/tables/input/all-sup-tables.pdf, page 10>
 [10]
File: data/tables/input/all-sup-tables.pdf Graphic file (type pdf)
<use data/tables/input/all-sup-tables.pdf, page 11>
File: data/tables/input/all-sup-tables.pdf Graphic file (type pdf)
<use data/tables/input/all-sup-tables.pdf, page 11>
File: data/tables/input/all-sup-tables.pdf Graphic file (type pdf)
<use data/tables/input/all-sup-tables.pdf, page 11>
 [11]
File: data/tables/input/all-sup-tables.pdf Graphic file (type pdf)
<use data/tables/input/all-sup-tables.pdf, page 12>
File: data/tables/input/all-sup-tables.pdf Graphic file (type pdf)
<use data/tables/input/all-sup-tables.pdf, page 12>
File: data/tables/input/all-sup-tables.pdf Graphic file (type pdf)
<use data/tables/input/all-sup-tables.pdf, page 12>
 [12]
File: data/tables/input/all-sup-tables.pdf Graphic file (type pdf)
<use data/tables/input/all-sup-tables.pdf, page 13>
File: data/tables/input/all-sup-tables.pdf Graphic file (type pdf)
<use data/tables/input/all-sup-tables.pdf, page 13>
File: data/tables/input/all-sup-tables.pdf Graphic file (type pdf)
<use data/tables/input/all-sup-tables.pdf, page 13>
 [13]
File: data/tables/input/all-sup-tables.pdf Graphic file (type pdf)
<use data/tables/input/all-sup-tables.pdf, page 14>
File: data/tables/input/all-sup-tables.pdf Graphic file (type pdf)
<use data/tables/input/all-sup-tables.pdf, page 14>
File: data/tables/input/all-sup-tables.pdf Graphic file (type pdf)
<use data/tables/input/all-sup-tables.pdf, page 14>
 [14]
File: data/tables/input/all-sup-tables.pdf Graphic file (type pdf)
<use data/tables/input/all-sup-tables.pdf, page 15>
File: data/tables/input/all-sup-tables.pdf Graphic file (type pdf)
<use data/tables/input/all-sup-tables.pdf, page 15>
File: data/tables/input/all-sup-tables.pdf Graphic file (type pdf)
<use data/tables/input/all-sup-tables.pdf, page 15>
 [15]
File: data/tables/input/all-sup-tables.pdf Graphic file (type pdf)
<use data/tables/input/all-sup-tables.pdf, page 16>
File: data/tables/input/all-sup-tables.pdf Graphic file (type pdf)
<use data/tables/input/all-sup-tables.pdf, page 16>
File: data/tables/input/all-sup-tables.pdf Graphic file (type pdf)
<use data/tables/input/all-sup-tables.pdf, page 16>
 [16]
File: data/tables/input/all-sup-tables.pdf Graphic file (type pdf)
<use data/tables/input/all-sup-tables.pdf, page 17>
File: data/tables/input/all-sup-tables.pdf Graphic file (type pdf)
<use data/tables/input/all-sup-tables.pdf, page 17>
File: data/tables/input/all-sup-tables.pdf Graphic file (type pdf)
<use data/tables/input/all-sup-tables.pdf, page 17>
 [17]
File: data/tables/input/all-sup-tables.pdf Graphic file (type pdf)
<use data/tables/input/all-sup-tables.pdf, page 18>
File: data/tables/input/all-sup-tables.pdf Graphic file (type pdf)
<use data/tables/input/all-sup-tables.pdf, page 18>
File: data/tables/input/all-sup-tables.pdf Graphic file (type pdf)
<use data/tables/input/all-sup-tables.pdf, page 18>

[18]
File: data/tables/input/all-sup-tables.pdf Graphic file (type pdf)
<use data/tables/input/all-sup-tables.pdf, page 19>
File: data/tables/input/all-sup-tables.pdf Graphic file (type pdf)
<use data/tables/input/all-sup-tables.pdf, page 19>
File: data/tables/input/all-sup-tables.pdf Graphic file (type pdf)
<use data/tables/input/all-sup-tables.pdf, page 19>
 [19]
File: data/tables/input/all-sup-tables.pdf Graphic file (type pdf)
<use data/tables/input/all-sup-tables.pdf, page 20>
File: data/tables/input/all-sup-tables.pdf Graphic file (type pdf)
<use data/tables/input/all-sup-tables.pdf, page 20>
File: data/tables/input/all-sup-tables.pdf Graphic file (type pdf)
<use data/tables/input/all-sup-tables.pdf, page 20>
 [20]
File: data/tables/input/all-sup-tables.pdf Graphic file (type pdf)
<use data/tables/input/all-sup-tables.pdf, page 21>
File: data/tables/input/all-sup-tables.pdf Graphic file (type pdf)
<use data/tables/input/all-sup-tables.pdf, page 21>
File: data/tables/input/all-sup-tables.pdf Graphic file (type pdf)
<use data/tables/input/all-sup-tables.pdf, page 21>
 [21]
File: data/tables/input/all-sup-tables.pdf Graphic file (type pdf)
<use data/tables/input/all-sup-tables.pdf, page 22>
File: data/tables/input/all-sup-tables.pdf Graphic file (type pdf)
<use data/tables/input/all-sup-tables.pdf, page 22>
File: data/tables/input/all-sup-tables.pdf Graphic file (type pdf)
<use data/tables/input/all-sup-tables.pdf, page 22>
 [22]
File: data/tables/input/all-sup-tables.pdf Graphic file (type pdf)
<use data/tables/input/all-sup-tables.pdf, page 23>
File: data/tables/input/all-sup-tables.pdf Graphic file (type pdf)
<use data/tables/input/all-sup-tables.pdf, page 23>
File: data/tables/input/all-sup-tables.pdf Graphic file (type pdf)
<use data/tables/input/all-sup-tables.pdf, page 23>
 [23]
File: data/tables/input/all-sup-tables.pdf Graphic file (type pdf)
<use data/tables/input/all-sup-tables.pdf, page 24>
File: data/tables/input/all-sup-tables.pdf Graphic file (type pdf)
<use data/tables/input/all-sup-tables.pdf, page 24>
File: data/tables/input/all-sup-tables.pdf Graphic file (type pdf)
<use data/tables/input/all-sup-tables.pdf, page 24>
 [24]
File: data/tables/input/all-sup-tables.pdf Graphic file (type pdf)
<use data/tables/input/all-sup-tables.pdf, page 25>
File: data/tables/input/all-sup-tables.pdf Graphic file (type pdf)
<use data/tables/input/all-sup-tables.pdf, page 25>
File: data/tables/input/all-sup-tables.pdf Graphic file (type pdf)
<use data/tables/input/all-sup-tables.pdf, page 25>
 [25]
File: data/tables/input/all-sup-tables.pdf Graphic file (type pdf)
<use data/tables/input/all-sup-tables.pdf, page 26>
File: data/tables/input/all-sup-tables.pdf Graphic file (type pdf)
<use data/tables/input/all-sup-tables.pdf, page 26>
File: data/tables/input/all-sup-tables.pdf Graphic file (type pdf)
<use data/tables/input/all-sup-tables.pdf, page 26>
 [26]
File: data/tables/input/all-sup-tables.pdf Graphic file (type pdf)
<use data/tables/input/all-sup-tables.pdf, page 27>
File: data/tables/input/all-sup-tables.pdf Graphic file (type pdf)
<use data/tables/input/all-sup-tables.pdf, page 27>
File: data/tables/input/all-sup-tables.pdf Graphic file (type pdf)
<use data/tables/input/all-sup-tables.pdf, page 27>
 [27]
File: data/tables/input/all-sup-tables.pdf Graphic file (type pdf)
<use data/tables/input/all-sup-tables.pdf, page 28>
File: data/tables/input/all-sup-tables.pdf Graphic file (type pdf)
<use data/tables/input/all-sup-tables.pdf, page 28>
File: data/tables/input/all-sup-tables.pdf Graphic file (type pdf)
<use data/tables/input/all-sup-tables.pdf, page 28>
 [28]
File: data/tables/input/all-sup-tables.pdf Graphic file (type pdf)
<use data/tables/input/all-sup-tables.pdf, page 29>
File: data/tables/input/all-sup-tables.pdf Graphic file (type pdf)
<use data/tables/input/all-sup-tables.pdf, page 29>
File: data/tables/input/all-sup-tables.pdf Graphic file (type pdf)
<use data/tables/input/all-sup-tables.pdf, page 29>
 [29]
File: data/tables/input/all-sup-tables.pdf Graphic file (type pdf)
<use data/tables/input/all-sup-tables.pdf, page 30>
File: data/tables/input/all-sup-tables.pdf Graphic file (type pdf)
<use data/tables/input/all-sup-tables.pdf, page 30>
File: data/tables/input/all-sup-tables.pdf Graphic file (type pdf)
<use data/tables/input/all-sup-tables.pdf, page 30>
 [30]
File: data/tables/input/all-sup-tables.pdf Graphic file (type pdf)
<use data/tables/input/all-sup-tables.pdf, page 31>
File: data/tables/input/all-sup-tables.pdf Graphic file (type pdf)
<use data/tables/input/all-sup-tables.pdf, page 31>
File: data/tables/input/all-sup-tables.pdf Graphic file (type pdf)
<use data/tables/input/all-sup-tables.pdf, page 31>
 [31]
File: data/tables/input/all-sup-tables.pdf Graphic file (type pdf)
<use data/tables/input/all-sup-tables.pdf, page 32>
File: data/tables/input/all-sup-tables.pdf Graphic file (type pdf)
<use data/tables/input/all-sup-tables.pdf, page 32>
File: data/tables/input/all-sup-tables.pdf Graphic file (type pdf)
<use data/tables/input/all-sup-tables.pdf, page 32>
 [32]
File: data/tables/input/all-sup-tables.pdf Graphic file (type pdf)
<use data/tables/input/all-sup-tables.pdf, page 33>
File: data/tables/input/all-sup-tables.pdf Graphic file (type pdf)
<use data/tables/input/all-sup-tables.pdf, page 33>
File: data/tables/input/all-sup-tables.pdf Graphic file (type pdf)
<use data/tables/input/all-sup-tables.pdf, page 33>

[33]
File: data/tables/input/all-sup-tables.pdf Graphic file (type pdf)
<use data/tables/input/all-sup-tables.pdf, page 34>
File: data/tables/input/all-sup-tables.pdf Graphic file (type pdf)
<use data/tables/input/all-sup-tables.pdf, page 34>
File: data/tables/input/all-sup-tables.pdf Graphic file (type pdf)
<use data/tables/input/all-sup-tables.pdf, page 34>
 [34]
File: data/tables/input/all-sup-tables.pdf Graphic file (type pdf)
<use data/tables/input/all-sup-tables.pdf, page 35>
File: data/tables/input/all-sup-tables.pdf Graphic file (type pdf)
<use data/tables/input/all-sup-tables.pdf, page 35>
File: data/tables/input/all-sup-tables.pdf Graphic file (type pdf)
<use data/tables/input/all-sup-tables.pdf, page 35>
 [35]
File: data/tables/input/all-sup-tables.pdf Graphic file (type pdf)
<use data/tables/input/all-sup-tables.pdf, page 36>
File: data/tables/input/all-sup-tables.pdf Graphic file (type pdf)
<use data/tables/input/all-sup-tables.pdf, page 36>
File: data/tables/input/all-sup-tables.pdf Graphic file (type pdf)
<use data/tables/input/all-sup-tables.pdf, page 36>
 [36]
File: data/tables/input/all-sup-tables.pdf Graphic file (type pdf)
<use data/tables/input/all-sup-tables.pdf, page 37>
File: data/tables/input/all-sup-tables.pdf Graphic file (type pdf)
<use data/tables/input/all-sup-tables.pdf, page 37>
File: data/tables/input/all-sup-tables.pdf Graphic file (type pdf)
<use data/tables/input/all-sup-tables.pdf, page 37>
 [37]
File: data/tables/input/all-sup-tables.pdf Graphic file (type pdf)
<use data/tables/input/all-sup-tables.pdf, page 38>
File: data/tables/input/all-sup-tables.pdf Graphic file (type pdf)
<use data/tables/input/all-sup-tables.pdf, page 38>
File: data/tables/input/all-sup-tables.pdf Graphic file (type pdf)
<use data/tables/input/all-sup-tables.pdf, page 38>
 [38]
File: data/tables/input/all-sup-tables.pdf Graphic file (type pdf)
<use data/tables/input/all-sup-tables.pdf, page 39>
File: data/tables/input/all-sup-tables.pdf Graphic file (type pdf)
<use data/tables/input/all-sup-tables.pdf, page 39>
File: data/tables/input/all-sup-tables.pdf Graphic file (type pdf)
<use data/tables/input/all-sup-tables.pdf, page 39>
 [39]
File: data/tables/input/all-sup-tables.pdf Graphic file (type pdf)
<use data/tables/input/all-sup-tables.pdf, page 40>
File: data/tables/input/all-sup-tables.pdf Graphic file (type pdf)
<use data/tables/input/all-sup-tables.pdf, page 40>
File: data/tables/input/all-sup-tables.pdf Graphic file (type pdf)
<use data/tables/input/all-sup-tables.pdf, page 40>
 [40]
File: data/tables/input/all-sup-tables.pdf Graphic file (type pdf)
<use data/tables/input/all-sup-tables.pdf, page 41>
File: data/tables/input/all-sup-tables.pdf Graphic file (type pdf)
<use data/tables/input/all-sup-tables.pdf, page 41>
File: data/tables/input/all-sup-tables.pdf Graphic file (type pdf)
<use data/tables/input/all-sup-tables.pdf, page 41>
 [41]
File: data/tables/input/all-sup-tables.pdf Graphic file (type pdf)
<use data/tables/input/all-sup-tables.pdf, page 42>
File: data/tables/input/all-sup-tables.pdf Graphic file (type pdf)
<use data/tables/input/all-sup-tables.pdf, page 42>
File: data/tables/input/all-sup-tables.pdf Graphic file (type pdf)
<use data/tables/input/all-sup-tables.pdf, page 42>
 [42]
File: data/tables/input/all-sup-tables.pdf Graphic file (type pdf)
<use data/tables/input/all-sup-tables.pdf, page 43>
File: data/tables/input/all-sup-tables.pdf Graphic file (type pdf)
<use data/tables/input/all-sup-tables.pdf, page 43>
File: data/tables/input/all-sup-tables.pdf Graphic file (type pdf)
<use data/tables/input/all-sup-tables.pdf, page 43>
 [43]
File: data/tables/input/all-sup-tables.pdf Graphic file (type pdf)
<use data/tables/input/all-sup-tables.pdf, page 44>
File: data/tables/input/all-sup-tables.pdf Graphic file (type pdf)
<use data/tables/input/all-sup-tables.pdf, page 44>
File: data/tables/input/all-sup-tables.pdf Graphic file (type pdf)
<use data/tables/input/all-sup-tables.pdf, page 44>
 [44]
File: data/tables/input/all-sup-tables.pdf Graphic file (type pdf)
<use data/tables/input/all-sup-tables.pdf, page 45>
File: data/tables/input/all-sup-tables.pdf Graphic file (type pdf)
<use data/tables/input/all-sup-tables.pdf, page 45>
File: data/tables/input/all-sup-tables.pdf Graphic file (type pdf)
<use data/tables/input/all-sup-tables.pdf, page 45>
 [45]
File: data/tables/input/all-sup-tables.pdf Graphic file (type pdf)
<use data/tables/input/all-sup-tables.pdf, page 46>
File: data/tables/input/all-sup-tables.pdf Graphic file (type pdf)
<use data/tables/input/all-sup-tables.pdf, page 46>
File: data/tables/input/all-sup-tables.pdf Graphic file (type pdf)
<use data/tables/input/all-sup-tables.pdf, page 46>
 [46]
File: data/tables/input/all-sup-tables.pdf Graphic file (type pdf)
<use data/tables/input/all-sup-tables.pdf, page 47>
File: data/tables/input/all-sup-tables.pdf Graphic file (type pdf)
<use data/tables/input/all-sup-tables.pdf, page 47>
File: data/tables/input/all-sup-tables.pdf Graphic file (type pdf)
<use data/tables/input/all-sup-tables.pdf, page 47>
 [47]
File: data/tables/input/all-sup-tables.pdf Graphic file (type pdf)
<use data/tables/input/all-sup-tables.pdf, page 48>
File: data/tables/input/all-sup-tables.pdf Graphic file (type pdf)
<use data/tables/input/all-sup-tables.pdf, page 48>
File: data/tables/input/all-sup-tables.pdf Graphic file (type pdf)
<use data/tables/input/all-sup-tables.pdf, page 48>

[48]
File: data/tables/input/all-sup-tables.pdf Graphic file (type pdf)
<use data/tables/input/all-sup-tables.pdf, page 49>
File: data/tables/input/all-sup-tables.pdf Graphic file (type pdf)
<use data/tables/input/all-sup-tables.pdf, page 49>
File: data/tables/input/all-sup-tables.pdf Graphic file (type pdf)
<use data/tables/input/all-sup-tables.pdf, page 49>
 [49]
File: data/tables/input/all-sup-tables.pdf Graphic file (type pdf)
<use data/tables/input/all-sup-tables.pdf, page 50>
File: data/tables/input/all-sup-tables.pdf Graphic file (type pdf)
<use data/tables/input/all-sup-tables.pdf, page 50>
File: data/tables/input/all-sup-tables.pdf Graphic file (type pdf)
<use data/tables/input/all-sup-tables.pdf, page 50>
 [50]
File: data/tables/input/all-sup-tables.pdf Graphic file (type pdf)
<use data/tables/input/all-sup-tables.pdf, page 51>
File: data/tables/input/all-sup-tables.pdf Graphic file (type pdf)
<use data/tables/input/all-sup-tables.pdf, page 51>
File: data/tables/input/all-sup-tables.pdf Graphic file (type pdf)
<use data/tables/input/all-sup-tables.pdf, page 51>
 [51]
File: data/tables/input/all-sup-tables.pdf Graphic file (type pdf)
<use data/tables/input/all-sup-tables.pdf, page 52>
File: data/tables/input/all-sup-tables.pdf Graphic file (type pdf)
<use data/tables/input/all-sup-tables.pdf, page 52>
File: data/tables/input/all-sup-tables.pdf Graphic file (type pdf)
<use data/tables/input/all-sup-tables.pdf, page 52>
 [52] (data/tables/output/SupplementalTablesStagingPaper.aux) ) 
Here is how much of TeX's memory you used:
 3145 strings out of 476179
 56031 string characters out of 5809544
 355477 words of memory out of 5000000
 23898 multiletter control sequences out of 15000+600000
 469267 words of font info for 29 fonts, out of 8000000 for 9000
 1348 hyphenation exceptions out of 8191
 70i,17n,76p,286b,429s stack positions out of 10000i,1000n,20000p,200000b,200000s

Output written on data/tables/output/SupplementalTablesStagingPaper.pdf (52 pag
es).
